[debug] [2019-04-30T00:05:28.827Z] ----------------------------------------------------------------------
[debug] [2019-04-30T00:05:28.831Z] Command:       /Users/Dave/.nvm/versions/node/v8.9.3/bin/node /Users/Dave/.nvm/versions/node/v8.9.3/bin/firebase serve --only firestore
[debug] [2019-04-30T00:05:28.831Z] CLI Version:   6.5.0
[debug] [2019-04-30T00:05:28.831Z] Platform:      darwin
[debug] [2019-04-30T00:05:28.831Z] Node Version:  v8.9.3
[debug] [2019-04-30T00:05:28.832Z] Time:          Mon Apr 29 2019 18:05:28 GMT-0600 (MDT)
[debug] [2019-04-30T00:05:28.832Z] ----------------------------------------------------------------------
[debug] 
[warn] ⚠  firestore: Apr 29, 2019 6:06:02 PM io.gapi.emulators.grpc.GrpcServer$3 operationComplete
INFO: Adding handler(s) to newly registered Channel.

[warn] ⚠  firestore: Apr 29, 2019 6:06:02 PM io.gapi.emulators.netty.HttpVersionRoutingHandler channelRead
INFO: Detected HTTP/2 connection.

[warn] ⚠  firestore: Apr 29, 2019 6:06:04 PM com.google.cloud.datastore.emulator.impl.util.WrappedStreamObserver onError
INFO: operation failed: 
Property email is undefined on object. for 'create' @ L66

[warn] ⚠  firestore: Apr 29, 2019 6:06:04 PM com.google.cloud.datastore.emulator.impl.util.WrappedStreamObserver onError
INFO: operation failed: 
false for 'create' @ L66

[warn] ⚠  firestore: Apr 29, 2019 6:06:06 PM com.google.cloud.datastore.emulator.impl.util.WrappedStreamObserver onError
INFO: operation failed: 
false for 'delete' @ L72

[warn] ⚠  firestore: Apr 29, 2019 6:06:06 PM com.google.cloud.datastore.emulator.impl.util.WrappedStreamObserver onError
INFO: operation failed: 
false for 'delete' @ L72

[warn] ⚠  firestore: Apr 29, 2019 6:06:06 PM com.google.cloud.datastore.emulator.impl.util.WrappedStreamObserver onError
INFO: operation failed: 
false for 'create' @ L80

[warn] ⚠  firestore: Apr 29, 2019 6:06:06 PM com.google.cloud.datastore.emulator.impl.util.WrappedStreamObserver onError
INFO: operation failed: 
false for 'create' @ L80

[warn] ⚠  firestore: Apr 29, 2019 6:06:07 PM com.google.cloud.datastore.emulator.impl.util.WrappedStreamObserver onError
INFO: operation failed: 
false for 'update' @ L84

[warn] ⚠  firestore: Apr 29, 2019 6:06:07 PM com.google.cloud.datastore.emulator.impl.util.WrappedStreamObserver onError
INFO: operation failed: 
Service call error. Function: [get], Argument: [path_value {
  segments {
    simple: "databases"
  }
  segments {
    simple: "(default)"
  }
  segments {
    simple: "documents"
  }
  segments {
    simple: "users"
  }
  segments {
    simple: "bob"
  }
}
]. for 'update' @ L84

[warn] ⚠  firestore: Apr 29, 2019 6:06:08 PM com.google.cloud.datastore.emulator.impl.util.WrappedStreamObserver onError
INFO: operation failed: 
false for 'update' @ L72

[warn] ⚠  firestore: Apr 29, 2019 6:06:08 PM com.google.cloud.datastore.emulator.impl.util.WrappedStreamObserver onError
INFO: operation failed: 
Service call error. Function: [get], Argument: [path_value {
  segments {
    simple: "databases"
  }
  segments {
    simple: "(default)"
  }
  segments {
    simple: "documents"
  }
  segments {
    simple: "users"
  }
  segments {
    simple: "bob"
  }
}
]. for 'delete' @ L84

[warn] ⚠  firestore: Apr 29, 2019 6:06:09 PM com.google.cloud.datastore.emulator.impl.util.WrappedStreamObserver onError
INFO: operation failed: 
false for 'create' @ L92

[warn] ⚠  firestore: Apr 29, 2019 6:06:09 PM com.google.cloud.datastore.emulator.impl.util.WrappedStreamObserver onError
INFO: operation failed: 
false for 'create' @ L92

[warn] ⚠  firestore: Apr 29, 2019 6:06:10 PM com.google.cloud.datastore.emulator.impl.util.WrappedStreamObserver onError
INFO: operation failed: 
false for 'update' @ L95

[warn] ⚠  firestore: Apr 29, 2019 6:06:10 PM com.google.cloud.datastore.emulator.impl.util.WrappedStreamObserver onError
INFO: operation failed: 
false for 'delete' @ L95

[warn] ⚠  firestore: Apr 29, 2019 6:06:10 PM com.google.cloud.datastore.emulator.impl.util.WrappedStreamObserver onError
INFO: operation failed: 
false for 'create' @ L106

[warn] ⚠  firestore: Apr 29, 2019 6:06:11 PM com.google.cloud.datastore.emulator.impl.util.WrappedStreamObserver onError
INFO: operation failed: no entity to update: app: "re-imagine"
path <
  Element {
    type: "wasteProviders"
    name: "wasteProvider1"
  }
>


[warn] ⚠  firestore: Apr 29, 2019 6:06:11 PM com.google.cloud.datastore.emulator.impl.util.WrappedStreamObserver onError
INFO: operation failed: 
false for 'delete' @ L106

[warn] ⚠  firestore: Apr 29, 2019 6:09:04 PM io.gapi.emulators.grpc.GrpcServer$3 operationComplete
INFO: Adding handler(s) to newly registered Channel.

[warn] ⚠  firestore: Apr 29, 2019 6:09:04 PM io.gapi.emulators.netty.HttpVersionRoutingHandler channelRead
INFO: Detected HTTP/2 connection.

[warn] ⚠  firestore: Apr 29, 2019 6:09:05 PM com.google.cloud.datastore.emulator.impl.util.WrappedStreamObserver onError
INFO: operation failed: 
Property email is undefined on object. for 'create' @ L66

[warn] ⚠  firestore: Apr 29, 2019 6:09:05 PM com.google.cloud.datastore.emulator.impl.util.WrappedStreamObserver onError
INFO: operation failed: 
false for 'create' @ L66

[warn] ⚠  firestore: Apr 29, 2019 6:09:07 PM com.google.cloud.datastore.emulator.impl.util.WrappedStreamObserver onError
INFO: operation failed: 
false for 'update' @ L72

[warn] ⚠  firestore: Apr 29, 2019 6:09:07 PM com.google.cloud.datastore.emulator.impl.util.WrappedStreamObserver onError
INFO: operation failed: 
false for 'update' @ L72

[warn] ⚠  firestore: Apr 29, 2019 6:09:08 PM com.google.cloud.datastore.emulator.impl.util.WrappedStreamObserver onError
INFO: operation failed: 
false for 'delete' @ L72

[warn] ⚠  firestore: Apr 29, 2019 6:09:08 PM com.google.cloud.datastore.emulator.impl.util.WrappedStreamObserver onError
INFO: operation failed: 
false for 'delete' @ L72

[warn] ⚠  firestore: Apr 29, 2019 6:09:08 PM com.google.cloud.datastore.emulator.impl.util.WrappedStreamObserver onError
INFO: operation failed: 
false for 'create' @ L80

[warn] ⚠  firestore: Apr 29, 2019 6:09:09 PM com.google.cloud.datastore.emulator.impl.util.WrappedStreamObserver onError
INFO: operation failed: 
false for 'create' @ L80

[warn] ⚠  firestore: Apr 29, 2019 6:09:09 PM com.google.cloud.datastore.emulator.impl.util.WrappedStreamObserver onError
INFO: operation failed: 
false for 'update' @ L84

[warn] ⚠  firestore: Apr 29, 2019 6:09:10 PM com.google.cloud.datastore.emulator.impl.util.WrappedStreamObserver onError
INFO: operation failed: 
Service call error. Function: [get], Argument: [path_value {
  segments {
    simple: "databases"
  }
  segments {
    simple: "(default)"
  }
  segments {
    simple: "documents"
  }
  segments {
    simple: "users"
  }
  segments {
    simple: "bob"
  }
}
]. for 'update' @ L84

[warn] ⚠  firestore: Apr 29, 2019 6:09:10 PM com.google.cloud.datastore.emulator.impl.util.WrappedStreamObserver onError
INFO: operation failed: 
false for 'update' @ L72

[warn] ⚠  firestore: Apr 29, 2019 6:09:11 PM com.google.cloud.datastore.emulator.impl.util.WrappedStreamObserver onError
INFO: operation failed: 
Service call error. Function: [get], Argument: [path_value {
  segments {
    simple: "databases"
  }
  segments {
    simple: "(default)"
  }
  segments {
    simple: "documents"
  }
  segments {
    simple: "users"
  }
  segments {
    simple: "bob"
  }
}
]. for 'delete' @ L84

[warn] ⚠  firestore: Apr 29, 2019 6:09:11 PM com.google.cloud.datastore.emulator.impl.util.WrappedStreamObserver onError
INFO: operation failed: 
false for 'create' @ L92

[warn] ⚠  firestore: Apr 29, 2019 6:09:11 PM com.google.cloud.datastore.emulator.impl.util.WrappedStreamObserver onError
INFO: operation failed: 
false for 'create' @ L92

[warn] ⚠  firestore: Apr 29, 2019 6:09:12 PM com.google.cloud.datastore.emulator.impl.util.WrappedStreamObserver onError
INFO: operation failed: 
false for 'update' @ L95

[warn] ⚠  firestore: Apr 29, 2019 6:09:12 PM com.google.cloud.datastore.emulator.impl.util.WrappedStreamObserver onError
INFO: operation failed: 
false for 'delete' @ L95

[warn] ⚠  firestore: Apr 29, 2019 6:09:13 PM com.google.cloud.datastore.emulator.impl.util.WrappedStreamObserver onError
INFO: operation failed: 
false for 'create' @ L106

[warn] ⚠  firestore: Apr 29, 2019 6:09:13 PM com.google.cloud.datastore.emulator.impl.util.WrappedStreamObserver onError
INFO: operation failed: no entity to update: app: "re-imagine"
path <
  Element {
    type: "wasteProviders"
    name: "wasteProvider1"
  }
>


[warn] ⚠  firestore: Apr 29, 2019 6:09:14 PM com.google.cloud.datastore.emulator.impl.util.WrappedStreamObserver onError
INFO: operation failed: 
false for 'delete' @ L106

